[debug] [2023-07-15T12:54:24.691Z] ----------------------------------------------------------------------
[debug] [2023-07-15T12:54:24.693Z] Command:       C:\Program Files\nodejs\node.exe C:\Users\abhir\AppData\Roaming\npm\node_modules\firebase-tools\lib\bin\firebase.js init
[debug] [2023-07-15T12:54:24.693Z] CLI Version:   12.4.4
[debug] [2023-07-15T12:54:24.693Z] Platform:      win32
[debug] [2023-07-15T12:54:24.693Z] Node Version:  v18.16.0
[debug] [2023-07-15T12:54:24.694Z] Time:          Sat Jul 15 2023 18:24:24 GMT+0530 (India Standard Time)
[debug] [2023-07-15T12:54:24.694Z] ----------------------------------------------------------------------
[debug] 
[debug] [2023-07-15T12:54:24.700Z] > command requires scopes: ["email","openid","https://www.googleapis.com/auth/cloudplatformprojects.readonly","https://www.googleapis.com/auth/firebase","https://www.googleapis.com/auth/cloud-platform"]
[debug] [2023-07-15T12:54:24.700Z] > authorizing via signed-in user (abhirupbasu2019@gmail.com)
[info] 
     ######## #### ########  ######## ########     ###     ######  ########
     ##        ##  ##     ## ##       ##     ##  ##   ##  ##       ##
     ######    ##  ########  ######   ########  #########  ######  ######
     ##        ##  ##    ##  ##       ##     ## ##     ##       ## ##
     ##       #### ##     ## ######## ########  ##     ##  ######  ########

You're about to initialize a Firebase project in this directory:

  C:\Users\abhir\OneDrive\Desktop\Blogify

[info] 
=== Project Setup
[info] 
[info] First, let's associate this project directory with a Firebase project.
[info] You can create multiple project aliases by running firebase use --add, 
[info] but for now we'll just set up a default project.
[info] 
[debug] [2023-07-15T12:55:21.117Z] >>> [apiv2][query] GET https://firebase.googleapis.com/v1beta1/projects pageSize=100
[debug] [2023-07-15T12:55:22.257Z] <<< [apiv2][status] GET https://firebase.googleapis.com/v1beta1/projects 200
[debug] [2023-07-15T12:55:22.257Z] <<< [apiv2][body] GET https://firebase.googleapis.com/v1beta1/projects [omitted]
[info] i  Using project react-blogify (react-blogify) 
[info] 
=== Hosting Setup
[info] 
[info] Your public directory is the folder (relative to your project directory) that
[info] will contain Hosting assets to be uploaded with firebase deploy. If you
[info] have a build process for your assets, use your build's output directory.
[info] 
[debug] [2023-07-15T12:56:23.463Z] >>> [apiv2][query] GET https://www.gstatic.com/firebasejs/releases.json [none]
[debug] [2023-07-15T12:56:23.850Z] <<< [apiv2][status] GET https://www.gstatic.com/firebasejs/releases.json 200
[debug] [2023-07-15T12:56:23.850Z] <<< [apiv2][body] GET https://www.gstatic.com/firebasejs/releases.json {"current":{"version":"10.0.0","browserURL":"https://www.gstatic.com/firebasejs/10.0.0/firebase.js","packageURL":"https://www.gstatic.com/firebasejs/10.0.0/firebase.tgz"},"live":{"version":"10.0","browserURL":"https://www.gstatic.com/firebasejs/live/10.0/firebase.js","packageURL":"https://www.gstatic.com/firebasejs/live/10.0/firebase.tgz"},"components":{"analytics":"https://www.gstatic.com/firebasejs/10.0.0/firebase-analytics.js","app":"https://www.gstatic.com/firebasejs/10.0.0/firebase-app.js","app-check":"https://www.gstatic.com/firebasejs/10.0.0/firebase-app-check.js","auth":"https://www.gstatic.com/firebasejs/10.0.0/firebase-auth.js","auth/cordova":"https://www.gstatic.com/firebasejs/10.0.0/firebase-auth/cordova.js","functions":"https://www.gstatic.com/firebasejs/10.0.0/firebase-functions.js","firestore":"https://www.gstatic.com/firebasejs/10.0.0/firebase-firestore.js","firestore/lite":"https://www.gstatic.com/firebasejs/10.0.0/firebase-firestore/lite.js","installations":"https://www.gstatic.com/firebasejs/10.0.0/firebase-installations.js","storage":"https://www.gstatic.com/firebasejs/10.0.0/firebase-storage.js","performance":"https://www.gstatic.com/firebasejs/10.0.0/firebase-performance.js","remote-config":"https://www.gstatic.com/firebasejs/10.0.0/firebase-remote-config.js","messaging":"https://www.gstatic.com/firebasejs/10.0.0/firebase-messaging.js","messaging/sw":"https://www.gstatic.com/firebasejs/10.0.0/firebase-messaging/sw.js","database":"https://www.gstatic.com/firebasejs/10.0.0/firebase-database.js","firestore.memory":"https://www.gstatic.com/firebasejs/10.0.0/firebase-firestore.memory.js"}}
[info] +  Wrote build/index.html 
[info] 
[info] i  Detected a .git folder at C:\Users\abhir\OneDrive\Desktop\Blogify 
[info] i  Authorizing with GitHub to upload your service account to a GitHub repository's secrets store. 
[info] 
[info] Visit this URL on this device to log in:
[info] https://github.com/login/oauth/authorize?client_id=89cf50f02ac6aaed3484&state=853623653&redirect_uri=http%3A%2F%2Flocalhost%3A9005&scope=read%3Auser%20repo%20public_repo
[info] 
[info] Waiting for authentication...
[debug] [2023-07-15T13:00:12.110Z] >>> [apiv2][query] POST https://github.com/login/oauth/access_token [none]
[debug] [2023-07-15T13:00:12.110Z] >>> [apiv2][body] POST https://github.com/login/oauth/access_token [stream]
[debug] [2023-07-15T13:00:12.751Z] <<< [apiv2][status] POST https://github.com/login/oauth/access_token 200
[debug] [2023-07-15T13:00:12.752Z] <<< [apiv2][body] POST https://github.com/login/oauth/access_token {"access_token":"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","token_type":"bearer","scope":"read:user,repo"}
[debug] [2023-07-15T13:00:12.763Z] >>> [apiv2][query] GET https://api.github.com/user [none]
[debug] [2023-07-15T13:00:13.293Z] <<< [apiv2][status] GET https://api.github.com/user 200
[debug] [2023-07-15T13:00:13.293Z] <<< [apiv2][body] GET https://api.github.com/user {"login":"AbhirupBasu-18","id":83392577,"node_id":"MDQ6VXNlcjgzMzkyNTc3","avatar_url":"https://avatars.githubusercontent.com/u/83392577?v=4","gravatar_id":"","url":"https://api.github.com/users/AbhirupBasu-18","html_url":"https://github.com/AbhirupBasu-18","followers_url":"https://api.github.com/users/AbhirupBasu-18/followers","following_url":"https://api.github.com/users/AbhirupBasu-18/following{/other_user}","gists_url":"https://api.github.com/users/AbhirupBasu-18/gists{/gist_id}","starred_url":"https://api.github.com/users/AbhirupBasu-18/starred{/owner}{/repo}","subscriptions_url":"https://api.github.com/users/AbhirupBasu-18/subscriptions","organizations_url":"https://api.github.com/users/AbhirupBasu-18/orgs","repos_url":"https://api.github.com/users/AbhirupBasu-18/repos","events_url":"https://api.github.com/users/AbhirupBasu-18/events{/privacy}","received_events_url":"https://api.github.com/users/AbhirupBasu-18/received_events","type":"User","site_admin":false,"name":"Abhirup Basu","company":null,"blog":"","location":"Kolkata,West Bengal","email":null,"hireable":null,"bio":null,"twitter_username":null,"public_repos":7,"public_gists":0,"followers":0,"following":0,"created_at":"2021-04-29T07:02:06Z","updated_at":"2023-07-11T17:54:00Z","private_gists":0,"total_private_repos":1,"owned_private_repos":1,"disk_usage":67089,"collaborators":0,"two_factor_authentication":false,"plan":{"name":"free","space":976562499,"collaborators":0,"private_repos":10000}}
[info] 
[info] +  Success! Logged into GitHub as AbhirupBasu-18 
[info] 
[debug] [2023-07-15T13:00:29.343Z] >>> [apiv2][query] GET https://api.github.com/repos//actions/secrets/public-key type=owner
[debug] [2023-07-15T13:00:29.803Z] <<< [apiv2][status] GET https://api.github.com/repos//actions/secrets/public-key 404
[debug] [2023-07-15T13:00:29.803Z] <<< [apiv2][body] GET https://api.github.com/repos//actions/secrets/public-key {"message":"Not Found","documentation_url":"https://docs.github.com/rest"}
[info] 
[info] 
[error] !  The provided authorization cannot be used with this repository. If this repository is in an organization, did you remember to grant access? 
[info] 
[info] i  Action required: Visit this URL to ensure access has been granted to the appropriate organization(s) for the Firebase CLI GitHub OAuth App: 
[info] https://github.com/settings/connections/applications/89cf50f02ac6aaed3484
[info] 
